# JRE version: Java(TM) SE Runtime Environment (20.0.1+9) (build 20.0.1+9-29)
# Java VM: Java HotSpot(TM) 64-Bit Server VM (20.0.1+9-29, mixed mode, sharing, tiered, compressed oops, compressed class ptrs, g1 gc, windows-amd64)
GC Precious Log:
 CardTable entry size: 512
 Card Set container configuration: InlinePtr #cards 5 size 8 Array Of Cards #cards 12 size 40 Howl #buckets 4 coarsen threshold 1843 Howl Bitmap #cards 512 size 80 coarsen threshold 460 Card regions per heap region 1 cards per card region 2048
 CPUs: 4 total, 4 available
 Memory: 3962M
 Large Page Support: Disabled
 NUMA Support: Disabled
 Compressed Oops: Enabled (32-bit)
 Heap Region Size: 1M
 Heap Min Capacity: 8M
 Heap Initial Capacity: 62M
 Heap Max Capacity: 992M
 Pre-touch: Disabled
 Parallel Workers: 4
 Concurrent Workers: 1
 Concurrent Refinement Workers: 4
 Periodic GC: Disabled
Heap:
 garbage-first heap   total 51200K, used 21278K [0x00000000c2000000, 0x0000000100000000)
  region size 1024K, 6 young (6144K), 3 survivors (3072K)
 Metaspace       used 34427K, committed 34944K, reserved 1114112K
  class space    used 4191K, committed 4416K, reserved 1048576K
GC Heap History (14 events):
Event: 1.337 GC heap before
{Heap before GC invocations=0 (full 0):
 garbage-first heap   total 63488K, used 13312K [0x00000000c2000000, 0x0000000100000000)
  region size 1024K, 13 young (13312K), 0 survivors (0K)
 Metaspace       used 3373K, committed 3584K, reserved 1114112K
  class space    used 346K, committed 448K, reserved 1048576K
}
Event: 1.373 GC heap after
{Heap after GC invocations=1 (full 0):
 garbage-first heap   total 63488K, used 6009K [0x00000000c2000000, 0x0000000100000000)
  region size 1024K, 2 young (2048K), 2 survivors (2048K)
 Metaspace       used 3373K, committed 3584K, reserved 1114112K
  class space    used 346K, committed 448K, reserved 1048576K
}
Event: 2.119 GC heap before
{Heap before GC invocations=1 (full 0):
 garbage-first heap   total 63488K, used 18297K [0x00000000c2000000, 0x0000000100000000)
  region size 1024K, 14 young (14336K), 2 survivors (2048K)
 Metaspace       used 7011K, committed 7232K, reserved 1114112K
  class space    used 816K, committed 896K, reserved 1048576K
}
Event: 2.128 GC heap after
{Heap after GC invocations=2 (full 0):
 garbage-first heap   total 63488K, used 7801K [0x00000000c2000000, 0x0000000100000000)
  region size 1024K, 2 young (2048K), 2 survivors (2048K)
 Metaspace       used 7011K, committed 7232K, reserved 1114112K
  class space    used 816K, committed 896K, reserved 1048576K
}
Event: 2.868 GC heap before
{Heap before GC invocations=2 (full 0):
 garbage-first heap   total 63488K, used 28281K [0x00000000c2000000, 0x0000000100000000)
  region size 1024K, 23 young (23552K), 2 survivors (2048K)
 Metaspace       used 12659K, committed 12928K, reserved 1114112K
  class space    used 1474K, committed 1600K, reserved 1048576K
}
Event: 2.876 GC heap after
{Heap after GC invocations=3 (full 0):
 garbage-first heap   total 63488K, used 9333K [0x00000000c2000000, 0x0000000100000000)
  region size 1024K, 3 young (3072K), 3 survivors (3072K)
 Metaspace       used 12659K, committed 12928K, reserved 1114112K
  class space    used 1474K, committed 1600K, reserved 1048576K
}
Event: 4.630 GC heap before
{Heap before GC invocations=3 (full 0):
 garbage-first heap   total 63488K, used 43125K [0x00000000c2000000, 0x0000000100000000)
  region size 1024K, 37 young (37888K), 3 survivors (3072K)
 Metaspace       used 18610K, committed 18944K, reserved 1114112K
  class space    used 2206K, committed 2368K, reserved 1048576K
}
Event: 4.647 GC heap after
{Heap after GC invocations=4 (full 0):
 garbage-first heap   total 63488K, used 12204K [0x00000000c2000000, 0x0000000100000000)
  region size 1024K, 5 young (5120K), 5 survivors (5120K)
 Metaspace       used 18610K, committed 18944K, reserved 1114112K
  class space    used 2206K, committed 2368K, reserved 1048576K
}
Event: 5.458 GC heap before
{Heap before GC invocations=4 (full 0):
 garbage-first heap   total 63488K, used 27564K [0x00000000c2000000, 0x0000000100000000)
  region size 1024K, 21 young (21504K), 5 survivors (5120K)
 Metaspace       used 21180K, committed 21504K, reserved 1114112K
  class space    used 2531K, committed 2688K, reserved 1048576K
}
Event: 5.477 GC heap after
{Heap after GC invocations=5 (full 0):
 garbage-first heap   total 63488K, used 13493K [0x00000000c2000000, 0x0000000100000000)
  region size 1024K, 2 young (2048K), 2 survivors (2048K)
 Metaspace       used 21180K, committed 21504K, reserved 1114112K
  class space    used 2531K, committed 2688K, reserved 1048576K
}
Event: 7.710 GC heap before
{Heap before GC invocations=6 (full 0):
 garbage-first heap   total 51200K, used 42165K [0x00000000c2000000, 0x0000000100000000)
  region size 1024K, 30 young (30720K), 2 survivors (2048K)
 Metaspace       used 27936K, committed 28416K, reserved 1114112K
  class space    used 3438K, committed 3648K, reserved 1048576K
}
Event: 7.732 GC heap after
{Heap after GC invocations=7 (full 0):
 garbage-first heap   total 51200K, used 17162K [0x00000000c2000000, 0x0000000100000000)
  region size 1024K, 4 young (4096K), 4 survivors (4096K)
 Metaspace       used 27936K, committed 28416K, reserved 1114112K
  class space    used 3438K, committed 3648K, reserved 1048576K
}
Event: 8.951 GC heap before
{Heap before GC invocations=7 (full 0):
 garbage-first heap   total 51200K, used 39690K [0x00000000c2000000, 0x0000000100000000)
  region size 1024K, 27 young (27648K), 4 survivors (4096K)
 Metaspace       used 33684K, committed 34240K, reserved 1114112K
  class space    used 4110K, committed 4352K, reserved 1048576K
}
Event: 8.962 GC heap after
{Heap after GC invocations=8 (full 0):
 garbage-first heap   total 51200K, used 19230K [0x00000000c2000000, 0x0000000100000000)
  region size 1024K, 3 young (3072K), 3 survivors (3072K)
 Metaspace       used 33684K, committed 34240K, reserved 1114112K
  class space    used 4110K, committed 4352K, reserved 1048576K
}

