# JRE version: Java(TM) SE Runtime Environment (20.0.1+9) (build 20.0.1+9-29)
# Java VM: Java HotSpot(TM) 64-Bit Server VM (20.0.1+9-29, mixed mode, sharing, tiered, compressed oops, compressed class ptrs, g1 gc, windows-amd64)
GC Precious Log:
 CardTable entry size: 512
 Card Set container configuration: InlinePtr #cards 5 size 8 Array Of Cards #cards 12 size 40 Howl #buckets 4 coarsen threshold 1843 Howl Bitmap #cards 512 size 80 coarsen threshold 460 Card regions per heap region 1 cards per card region 2048
 CPUs: 4 total, 4 available
 Memory: 3962M
 Large Page Support: Disabled
 NUMA Support: Disabled
 Compressed Oops: Enabled (32-bit)
 Heap Region Size: 1M
 Heap Min Capacity: 8M
 Heap Initial Capacity: 62M
 Heap Max Capacity: 992M
 Pre-touch: Disabled
 Parallel Workers: 4
 Concurrent Workers: 1
 Concurrent Refinement Workers: 4
 Periodic GC: Disabled
Heap:
 garbage-first heap   total 51200K, used 23332K [0x00000000c2000000, 0x0000000100000000)
  region size 1024K, 12 young (12288K), 4 survivors (4096K)
 Metaspace       used 28621K, committed 29120K, reserved 1114112K
  class space    used 3525K, committed 3776K, reserved 1048576K
GC Heap History (12 events):
Event: 1.538 GC heap before
{Heap before GC invocations=0 (full 0):
 garbage-first heap   total 63488K, used 13312K [0x00000000c2000000, 0x0000000100000000)
  region size 1024K, 13 young (13312K), 0 survivors (0K)
 Metaspace       used 3412K, committed 3584K, reserved 1114112K
  class space    used 348K, committed 448K, reserved 1048576K
}
Event: 1.548 GC heap after
{Heap after GC invocations=1 (full 0):
 garbage-first heap   total 63488K, used 6109K [0x00000000c2000000, 0x0000000100000000)
  region size 1024K, 2 young (2048K), 2 survivors (2048K)
 Metaspace       used 3412K, committed 3584K, reserved 1114112K
  class space    used 348K, committed 448K, reserved 1048576K
}
Event: 2.422 GC heap before
{Heap before GC invocations=1 (full 0):
 garbage-first heap   total 63488K, used 18397K [0x00000000c2000000, 0x0000000100000000)
  region size 1024K, 14 young (14336K), 2 survivors (2048K)
 Metaspace       used 7012K, committed 7232K, reserved 1114112K
  class space    used 813K, committed 896K, reserved 1048576K
}
Event: 2.431 GC heap after
{Heap after GC invocations=2 (full 0):
 garbage-first heap   total 63488K, used 7434K [0x00000000c2000000, 0x0000000100000000)
  region size 1024K, 2 young (2048K), 2 survivors (2048K)
 Metaspace       used 7012K, committed 7232K, reserved 1114112K
  class space    used 813K, committed 896K, reserved 1048576K
}
Event: 3.578 GC heap before
{Heap before GC invocations=2 (full 0):
 garbage-first heap   total 63488K, used 32010K [0x00000000c2000000, 0x0000000100000000)
  region size 1024K, 27 young (27648K), 2 survivors (2048K)
 Metaspace       used 14008K, committed 14336K, reserved 1114112K
  class space    used 1641K, committed 1792K, reserved 1048576K
}
Event: 3.586 GC heap after
{Heap after GC invocations=3 (full 0):
 garbage-first heap   total 63488K, used 9616K [0x00000000c2000000, 0x0000000100000000)
  region size 1024K, 4 young (4096K), 4 survivors (4096K)
 Metaspace       used 14008K, committed 14336K, reserved 1114112K
  class space    used 1641K, committed 1792K, reserved 1048576K
}
Event: 5.544 GC heap before
{Heap before GC invocations=3 (full 0):
 garbage-first heap   total 63488K, used 43408K [0x00000000c2000000, 0x0000000100000000)
  region size 1024K, 37 young (37888K), 4 survivors (4096K)
 Metaspace       used 19242K, committed 19520K, reserved 1114112K
  class space    used 2274K, committed 2432K, reserved 1048576K
}
Event: 5.558 GC heap after
{Heap after GC invocations=4 (full 0):
 garbage-first heap   total 63488K, used 12234K [0x00000000c2000000, 0x0000000100000000)
  region size 1024K, 5 young (5120K), 5 survivors (5120K)
 Metaspace       used 19242K, committed 19520K, reserved 1114112K
  class space    used 2274K, committed 2432K, reserved 1048576K
}
Event: 6.600 GC heap before
{Heap before GC invocations=4 (full 0):
 garbage-first heap   total 63488K, used 23498K [0x00000000c2000000, 0x0000000100000000)
  region size 1024K, 17 young (17408K), 5 survivors (5120K)
 Metaspace       used 21190K, committed 21504K, reserved 1114112K
  class space    used 2527K, committed 2688K, reserved 1048576K
}
Event: 6.618 GC heap after
{Heap after GC invocations=5 (full 0):
 garbage-first heap   total 63488K, used 13515K [0x00000000c2000000, 0x0000000100000000)
  region size 1024K, 4 young (4096K), 4 survivors (4096K)
 Metaspace       used 21190K, committed 21504K, reserved 1114112K
  class space    used 2527K, committed 2688K, reserved 1048576K
}
Event: 9.540 GC heap before
{Heap before GC invocations=6 (full 0):
 garbage-first heap   total 51200K, used 40139K [0x00000000c2000000, 0x0000000100000000)
  region size 1024K, 30 young (30720K), 4 survivors (4096K)
 Metaspace       used 27371K, committed 27840K, reserved 1114112K
  class space    used 3361K, committed 3584K, reserved 1048576K
}
Event: 9.564 GC heap after
{Heap after GC invocations=7 (full 0):
 garbage-first heap   total 51200K, used 16164K [0x00000000c2000000, 0x0000000100000000)
  region size 1024K, 4 young (4096K), 4 survivors (4096K)
 Metaspace       used 27371K, committed 27840K, reserved 1114112K
  class space    used 3361K, committed 3584K, reserved 1048576K
}

